2025-03-12 18:49:03,818 [INFO] Activator:176 - 


2025-03-12 18:49:03,822 [INFO] Activator:177 - !SESSION log4j initialized
2025-03-12 18:49:10,548 [INFO] LogOutputStream:77 - [STDOUT_REDIRECT] 
2025-03-12 18:49:15,067 [INFO] ApplicationProperties:184 - Using Application install path: C:\ST\STM32CubeIDE_1.18.0\STM32CubeIDE\plugins\com.st.stm32cube.common.mx_6.14.0.202502271554
2025-03-12 18:49:15,096 [INFO] DbMcusXml:78 - Set database path to: C:\ST\STM32CubeIDE_1.18.0\STM32CubeIDE\plugins\com.st.stm32cube.common.mx_6.14.0.202502271554\\db\/mcu/
2025-03-12 18:49:15,096 [INFO] ApiDb:274 - Set plugin database path to: C:\ST\STM32CubeIDE_1.18.0\STM32CubeIDE\plugins\com.st.stm32cube.common.mx_6.14.0.202502271554\\db\/plugins/boardmanager/
2025-03-12 18:49:15,099 [WARN] ApiDb:259 - Overriding images path with different value:  => C:\ST\STM32CubeIDE_1.18.0\STM32CubeIDE\plugins\com.st.stm32cube.common.mx_6.14.0.202502271554\\db\/plugins/mcufinder/images/
2025-03-12 18:49:15,112 [INFO] ApiDb:250 - Set database path to: C:\Users\thuis\.stmcufinder\plugins\mcufinder//mcu/
2025-03-12 18:49:15,114 [INFO] DbMcusAds:125 - Set database path to: C:\Users\thuis\.stmcufinder\plugins\mcufinder//mcu/
2025-03-12 18:49:15,118 [INFO] CrossReferenceDbSqlite:203 - Set database path to: C:\Users\thuis\.stmcufinder\plugins\mcufinder//mcu/cs/
2025-03-12 18:49:15,288 [INFO] RulesReader:64 - Compatibility file has been processed (301 Rules)
2025-03-12 18:49:15,444 [INFO] DbMcusXml:78 - Set database path to: C:\ST\STM32CubeIDE_1.18.0\STM32CubeIDE\plugins\com.st.stm32cube.common.mx_6.14.0.202502271554\\db\/mcu/
2025-03-12 18:49:15,445 [INFO] ApiDb:274 - Set plugin database path to: C:\ST\STM32CubeIDE_1.18.0\STM32CubeIDE\plugins\com.st.stm32cube.common.mx_6.14.0.202502271554\\db\/plugins/boardmanager/
2025-03-12 18:49:15,445 [INFO] ApiDb:261 - Set plugin images path to: C:\ST\STM32CubeIDE_1.18.0\STM32CubeIDE\plugins\com.st.stm32cube.common.mx_6.14.0.202502271554\\db\/plugins/mcufinder/images/
2025-03-12 18:49:15,445 [WARN] DbFile:41 - Overriding database path with different value: C:\Users\thuis\.stmcufinder\plugins\mcufinder/ => C:\Users\thuis\.stmcufinder\plugins\mcufinder
2025-03-12 18:49:15,446 [INFO] ApiDb:250 - Set database path to: C:\Users\thuis\.stmcufinder\plugins\mcufinder//mcu/
2025-03-12 18:49:15,446 [WARN] DbFile:41 - Overriding database path with different value: C:\Users\thuis\.stmcufinder\plugins\mcufinder/ => C:\Users\thuis\.stmcufinder\plugins\mcufinder
2025-03-12 18:49:15,446 [INFO] DbMcusAds:125 - Set database path to: C:\Users\thuis\.stmcufinder\plugins\mcufinder//mcu/
2025-03-12 18:49:15,446 [WARN] DbFile:41 - Overriding database path with different value: C:\Users\thuis\.stmcufinder\plugins\mcufinder/ => C:\Users\thuis\.stmcufinder\plugins\mcufinder
2025-03-12 18:49:15,446 [WARN] DbFile:41 - Overriding database path with different value: C:\Users\thuis\.stmcufinder\plugins\mcufinder/ => C:\Users\thuis\.stmcufinder\plugins\mcufinder
2025-03-12 18:49:15,446 [INFO] CrossReferenceDbSqlite:203 - Set database path to: C:\Users\thuis\.stmcufinder\plugins\mcufinder//mcu/cs/
2025-03-12 18:49:15,586 [INFO] MainPanel:272 - HeapMemory: 268435456
2025-03-12 18:49:15,751 [INFO] DbMcusXml:78 - Set database path to: C:\ST\STM32CubeIDE_1.18.0\STM32CubeIDE\plugins\com.st.stm32cube.common.mx_6.14.0.202502271554\\db\/mcu/
2025-03-12 18:49:15,751 [INFO] ApiDb:274 - Set plugin database path to: C:\ST\STM32CubeIDE_1.18.0\STM32CubeIDE\plugins\com.st.stm32cube.common.mx_6.14.0.202502271554\\db\/plugins/boardmanager/
2025-03-12 18:49:15,751 [INFO] ApiDb:261 - Set plugin images path to: C:\ST\STM32CubeIDE_1.18.0\STM32CubeIDE\plugins\com.st.stm32cube.common.mx_6.14.0.202502271554\\db\/plugins/mcufinder/images/
2025-03-12 18:49:15,752 [WARN] DbFile:41 - Overriding database path with different value: C:\Users\thuis\.stmcufinder\plugins\mcufinder/ => C:\Users\thuis\.stmcufinder\plugins\mcufinder
2025-03-12 18:49:15,752 [INFO] ApiDb:250 - Set database path to: C:\Users\thuis\.stmcufinder\plugins\mcufinder//mcu/
2025-03-12 18:49:15,752 [WARN] DbFile:41 - Overriding database path with different value: C:\Users\thuis\.stmcufinder\plugins\mcufinder/ => C:\Users\thuis\.stmcufinder\plugins\mcufinder
2025-03-12 18:49:15,752 [INFO] DbMcusAds:125 - Set database path to: C:\Users\thuis\.stmcufinder\plugins\mcufinder//mcu/
2025-03-12 18:49:15,752 [WARN] DbFile:41 - Overriding database path with different value: C:\Users\thuis\.stmcufinder\plugins\mcufinder/ => C:\Users\thuis\.stmcufinder\plugins\mcufinder
2025-03-12 18:49:15,752 [WARN] DbFile:41 - Overriding database path with different value: C:\Users\thuis\.stmcufinder\plugins\mcufinder/ => C:\Users\thuis\.stmcufinder\plugins\mcufinder
2025-03-12 18:49:15,752 [INFO] CrossReferenceDbSqlite:203 - Set database path to: C:\Users\thuis\.stmcufinder\plugins\mcufinder//mcu/cs/
2025-03-12 18:49:15,783 [INFO] ApplicationProperties:184 - Using Application install path: C:\ST\STM32CubeIDE_1.18.0\STM32CubeIDE\plugins\com.st.stm32cube.common.mx_6.14.0.202502271554
2025-03-12 18:49:15,786 [INFO] PluginManage:196 - Search for loadable plugins [exclusion list=, ]
2025-03-12 18:49:15,788 [INFO] PluginManage:310 - Check plugin analytics
2025-03-12 18:49:16,117 [INFO] AnalyticsPlugin:253 - Accepted Software Licenses: 
2025-03-12 18:49:16,117 [INFO] AnalyticsPlugin:255 - Accepted CMSIS Pack Licenses: 
2025-03-12 18:49:16,118 [INFO] AnalyticsPlugin:257 - Accepted Firmware Licenses: 
2025-03-12 18:49:16,121 [INFO] PluginManage:359 - Loaded plugin analytics (category:tool,tabindex:-1)
2025-03-12 18:49:16,123 [INFO] PluginManage:310 - Check plugin cadmodel
2025-03-12 18:49:16,163 [INFO] CADModel:105 - Init CAD model plugin
2025-03-12 18:49:16,163 [INFO] PluginManage:359 - Loaded plugin cadmodel (category:power,tabindex:5)
2025-03-12 18:49:16,163 [INFO] PluginManage:310 - Check plugin clock
2025-03-12 18:49:16,200 [INFO] PluginManage:359 - Loaded plugin clock (category:base,tabindex:2)
2025-03-12 18:49:16,201 [INFO] PluginManage:310 - Check plugin ddr
2025-03-12 18:49:16,207 [INFO] PluginManage:359 - Loaded plugin ddr (category:tool,tabindex:6)
2025-03-12 18:49:16,207 [INFO] PluginManage:310 - Check plugin filemanager
2025-03-12 18:49:16,527 [INFO] PluginManage:359 - Loaded plugin filemanager (category:base,tabindex:10)
2025-03-12 18:49:16,528 [INFO] PluginManage:310 - Check plugin ipmanager
2025-03-12 18:49:16,546 [INFO] PluginManage:359 - Loaded plugin ipmanager (category:base,tabindex:5)
2025-03-12 18:49:16,546 [INFO] PluginManage:310 - Check plugin lpbam
2025-03-12 18:49:16,602 [INFO] PluginManage:359 - Loaded plugin lpbam (category:base,tabindex:0)
2025-03-12 18:49:16,602 [INFO] PluginManage:310 - Check plugin memorymap
2025-03-12 18:49:16,650 [INFO] PluginManage:359 - Loaded plugin memorymap (category:base,tabindex:4)
2025-03-12 18:49:16,651 [INFO] PluginManage:310 - Check plugin pinoutandconfiguration
2025-03-12 18:49:16,684 [INFO] PluginManage:359 - Loaded plugin pinoutandconfiguration (category:base,tabindex:1)
2025-03-12 18:49:16,685 [INFO] PluginManage:310 - Check plugin pinoutconfig
2025-03-12 18:49:16,850 [WARN] SupportedApi:132 - Cannot load RTOS API schema: s4s-elt-must-match.1: The content of 'definitions' must match (annotation?, (simpleType | complexType)?, (unique | key | keyref)*)). A problem was found starting at: attribute.
2025-03-12 18:49:17,098 [INFO] PluginManage:359 - Loaded plugin pinoutconfig (category:base,tabindex:0)
2025-03-12 18:49:17,098 [INFO] PluginManage:310 - Check plugin power
2025-03-12 18:49:17,161 [INFO] PluginManage:359 - Loaded plugin power (category:power,tabindex:4)
2025-03-12 18:49:17,162 [INFO] PluginManage:310 - Check plugin projectmanager
2025-03-12 18:49:17,268 [INFO] PluginManage:359 - Loaded plugin projectmanager (category:projectmanager,tabindex:4)
2025-03-12 18:49:17,268 [INFO] PluginManage:310 - Check plugin rif
2025-03-12 18:49:17,364 [INFO] PluginManage:359 - Loaded plugin rif (category:base,tabindex:3)
2025-03-12 18:49:17,365 [INFO] PluginManage:310 - Check plugin thirdparty
2025-03-12 18:49:18,194 [INFO] PluginManage:359 - Loaded plugin thirdparty (category:base,tabindex:-1)
2025-03-12 18:49:18,195 [INFO] PluginManage:310 - Check plugin tools
2025-03-12 18:49:18,194 [WARN] IntegrityCheckThread:84 - waiting for thirdparty lock release [integrity check]
2025-03-12 18:49:18,196 [INFO] IntegrityCheckThread:86 - entering critical section [integrity check]
2025-03-12 18:49:18,197 [INFO] ThirdPartyUpdaterWithRetryManager:70 - Updater plugin not ready yet. [1/15]
2025-03-12 18:49:18,322 [INFO] PluginManage:359 - Loaded plugin tools (category:base,tabindex:7)
2025-03-12 18:49:18,323 [INFO] PluginManage:310 - Check plugin tutovideos
2025-03-12 18:49:18,660 [INFO] PluginManage:359 - Loaded plugin tutovideos (category:base,tabindex:-1)
2025-03-12 18:49:18,660 [INFO] PluginManage:310 - Check plugin updater
2025-03-12 18:49:18,705 [INFO] PluginManage:359 - Loaded plugin updater (category:base,tabindex:12)
2025-03-12 18:49:18,705 [INFO] PluginManage:310 - Check plugin userauth
2025-03-12 18:49:18,716 [INFO] UserAuth:118 - Init User Auth plugin
2025-03-12 18:49:18,717 [INFO] PluginManage:359 - Loaded plugin userauth (category:base,tabindex:14)
2025-03-12 18:49:18,718 [INFO] PluginManage:283 - PluginManage : Loaded plugins [18]
2025-03-12 18:49:19,249 [INFO] PinOutPanel:1589 - setPackage(No Configuration,No Configuration)
2025-03-12 18:49:19,424 [INFO] CADModel:165 - CPN selected for project level
2025-03-12 18:49:19,424 [INFO] CADModel:114 - Register for checkConnection events
2025-03-12 18:49:19,483 [INFO] IPUIPlugin:80 - create IPUIPlugin
2025-03-12 18:49:19,484 [INFO] PluginManager:220 - loadIPPluginJar : add adc
2025-03-12 18:49:19,633 [INFO] IPUIPlugin:80 - create IPUIPlugin
2025-03-12 18:49:19,633 [INFO] PluginManager:220 - loadIPPluginJar : add aes
2025-03-12 18:49:19,791 [INFO] IPUIPlugin:80 - create IPUIPlugin
2025-03-12 18:49:19,792 [INFO] PluginManager:220 - loadIPPluginJar : add can
2025-03-12 18:49:19,870 [INFO] IPUIPlugin:80 - create IPUIPlugin
2025-03-12 18:49:19,870 [INFO] PluginManager:220 - loadIPPluginJar : add comp
2025-03-12 18:49:19,968 [INFO] IPUIPlugin:80 - create IPUIPlugin
2025-03-12 18:49:19,968 [INFO] PluginManager:220 - loadIPPluginJar : add cryp
2025-03-12 18:49:20,004 [INFO] IPUIPlugin:80 - create IPUIPlugin
2025-03-12 18:49:20,004 [INFO] PluginManager:220 - loadIPPluginJar : add ddr_ctrl_phy
2025-03-12 18:49:20,097 [INFO] IPUIPlugin:80 - create IPUIPlugin
2025-03-12 18:49:20,098 [INFO] PluginManager:220 - loadIPPluginJar : add dfsdm
2025-03-12 18:49:20,132 [INFO] IPUIPlugin:80 - create IPUIPlugin
2025-03-12 18:49:20,133 [INFO] PluginManager:220 - loadIPPluginJar : add dma
2025-03-12 18:49:20,238 [INFO] IPUIPlugin:80 - create IPUIPlugin
2025-03-12 18:49:20,238 [INFO] PluginManager:220 - loadIPPluginJar : add dma3
2025-03-12 18:49:20,355 [INFO] IPUIPlugin:80 - create IPUIPlugin
2025-03-12 18:49:20,356 [INFO] PluginManager:220 - loadIPPluginJar : add extmemmanager
2025-03-12 18:49:20,409 [INFO] IPUIPlugin:80 - create IPUIPlugin
2025-03-12 18:49:20,409 [INFO] PluginManager:220 - loadIPPluginJar : add fatfs
2025-03-12 18:49:20,512 [INFO] IPUIPlugin:80 - create IPUIPlugin
2025-03-12 18:49:20,513 [INFO] PluginManager:220 - loadIPPluginJar : add fmc
2025-03-12 18:49:20,541 [INFO] IPUIPlugin:80 - create IPUIPlugin
2025-03-12 18:49:20,541 [INFO] PluginManager:220 - loadIPPluginJar : add freertos
2025-03-12 18:49:20,590 [INFO] IPUIPlugin:80 - create IPUIPlugin
2025-03-12 18:49:20,590 [INFO] PluginManager:220 - loadIPPluginJar : add genericplugin
2025-03-12 18:49:20,838 [INFO] IPUIPlugin:80 - create IPUIPlugin
2025-03-12 18:49:20,838 [INFO] PluginManager:220 - loadIPPluginJar : add gfxmmu
2025-03-12 18:49:21,172 [INFO] IPUIPlugin:80 - create IPUIPlugin
2025-03-12 18:49:21,172 [INFO] PluginManager:220 - loadIPPluginJar : add gic
2025-03-12 18:49:21,199 [INFO] ThirdPartyUpdaterWithRetryManager:70 - Updater plugin not ready yet. [2/15]
2025-03-12 18:49:21,201 [INFO] IPUIPlugin:80 - create IPUIPlugin
2025-03-12 18:49:21,201 [INFO] PluginManager:220 - loadIPPluginJar : add gpio
2025-03-12 18:49:21,416 [INFO] IPUIPlugin:80 - create IPUIPlugin
2025-03-12 18:49:21,416 [INFO] PluginManager:220 - loadIPPluginJar : add gtzc
2025-03-12 18:49:21,515 [INFO] IPUIPlugin:80 - create IPUIPlugin
2025-03-12 18:49:21,515 [INFO] PluginManager:220 - loadIPPluginJar : add hash
2025-03-12 18:49:21,647 [INFO] IPUIPlugin:80 - create IPUIPlugin
2025-03-12 18:49:21,647 [INFO] PluginManager:220 - loadIPPluginJar : add i2c
2025-03-12 18:49:21,755 [INFO] IPUIPlugin:80 - create IPUIPlugin
2025-03-12 18:49:21,755 [INFO] PluginManager:220 - loadIPPluginJar : add i2s
2025-03-12 18:49:21,883 [INFO] IPUIPlugin:80 - create IPUIPlugin
2025-03-12 18:49:21,883 [INFO] PluginManager:220 - loadIPPluginJar : add i3c
2025-03-12 18:49:22,183 [INFO] IPUIPlugin:80 - create IPUIPlugin
2025-03-12 18:49:22,183 [INFO] PluginManager:220 - loadIPPluginJar : add ipddr
2025-03-12 18:49:22,524 [INFO] IPUIPlugin:80 - create IPUIPlugin
2025-03-12 18:49:22,525 [INFO] PluginManager:220 - loadIPPluginJar : add linkedlist
2025-03-12 18:49:22,657 [INFO] IPUIPlugin:80 - create IPUIPlugin
2025-03-12 18:49:22,657 [INFO] PluginManager:220 - loadIPPluginJar : add lorawan
2025-03-12 18:49:22,788 [INFO] IPUIPlugin:80 - create IPUIPlugin
2025-03-12 18:49:22,788 [INFO] PluginManager:220 - loadIPPluginJar : add ltdc
2025-03-12 18:49:22,835 [INFO] IPUIPlugin:80 - create IPUIPlugin
2025-03-12 18:49:22,835 [INFO] PluginManager:220 - loadIPPluginJar : add mdma
2025-03-12 18:49:22,906 [INFO] IPUIPlugin:80 - create IPUIPlugin
2025-03-12 18:49:22,907 [INFO] PluginManager:220 - loadIPPluginJar : add nvic
2025-03-12 18:49:23,169 [INFO] IPUIPlugin:80 - create IPUIPlugin
2025-03-12 18:49:23,169 [INFO] PluginManager:220 - loadIPPluginJar : add opamp
2025-03-12 18:49:23,676 [INFO] IPUIPlugin:80 - create IPUIPlugin
2025-03-12 18:49:23,677 [INFO] PluginManager:220 - loadIPPluginJar : add openamp
2025-03-12 18:49:23,873 [INFO] IPUIPlugin:80 - create IPUIPlugin
2025-03-12 18:49:23,873 [INFO] PluginManager:220 - loadIPPluginJar : add pdm2pcm
2025-03-12 18:49:23,935 [INFO] IPUIPlugin:80 - create IPUIPlugin
2025-03-12 18:49:23,943 [INFO] PluginManager:220 - loadIPPluginJar : add plateformsettings
2025-03-12 18:49:24,061 [INFO] IPUIPlugin:80 - create IPUIPlugin
2025-03-12 18:49:24,061 [INFO] PluginManager:220 - loadIPPluginJar : add quadspi
2025-03-12 18:49:24,153 [INFO] IPUIPlugin:80 - create IPUIPlugin
2025-03-12 18:49:24,154 [INFO] PluginManager:220 - loadIPPluginJar : add radio
2025-03-12 18:49:24,187 [INFO] IPUIPlugin:80 - create IPUIPlugin
2025-03-12 18:49:24,187 [INFO] PluginManager:220 - loadIPPluginJar : add resmgrutility
2025-03-12 18:49:24,201 [INFO] ThirdPartyUpdaterWithRetryManager:70 - Updater plugin not ready yet. [3/15]
2025-03-12 18:49:24,293 [INFO] IPUIPlugin:80 - create IPUIPlugin
2025-03-12 18:49:24,293 [INFO] PluginManager:220 - loadIPPluginJar : add sai
2025-03-12 18:49:24,365 [INFO] IPUIPlugin:80 - create IPUIPlugin
2025-03-12 18:49:24,366 [INFO] PluginManager:220 - loadIPPluginJar : add spi
2025-03-12 18:49:24,506 [INFO] IPUIPlugin:80 - create IPUIPlugin
2025-03-12 18:49:24,506 [INFO] PluginManager:220 - loadIPPluginJar : add stm32_wpan
2025-03-12 18:49:24,548 [INFO] IPUIPlugin:80 - create IPUIPlugin
2025-03-12 18:49:24,548 [INFO] PluginManager:220 - loadIPPluginJar : add tim
2025-03-12 18:49:24,667 [INFO] IPUIPlugin:80 - create IPUIPlugin
2025-03-12 18:49:24,667 [INFO] PluginManager:220 - loadIPPluginJar : add touchsensing
2025-03-12 18:49:24,725 [INFO] IPUIPlugin:80 - create IPUIPlugin
2025-03-12 18:49:24,726 [INFO] PluginManager:220 - loadIPPluginJar : add tracer_emb
2025-03-12 18:49:24,791 [INFO] IPUIPlugin:80 - create IPUIPlugin
2025-03-12 18:49:24,792 [INFO] PluginManager:220 - loadIPPluginJar : add ts
2025-03-12 18:49:24,855 [INFO] IPUIPlugin:80 - create IPUIPlugin
2025-03-12 18:49:24,856 [INFO] PluginManager:220 - loadIPPluginJar : add tsc
2025-03-12 18:49:24,915 [INFO] IPUIPlugin:80 - create IPUIPlugin
2025-03-12 18:49:24,916 [INFO] PluginManager:220 - loadIPPluginJar : add ucpd
2025-03-12 18:49:25,026 [INFO] IPUIPlugin:80 - create IPUIPlugin
2025-03-12 18:49:25,026 [INFO] PluginManager:220 - loadIPPluginJar : add usart
2025-03-12 18:49:25,122 [INFO] IPUIPlugin:80 - create IPUIPlugin
2025-03-12 18:49:25,122 [INFO] PluginManager:220 - loadIPPluginJar : add usbx
2025-03-12 18:49:25,299 [FATAL] Updater:351 - Updater called before beeing initialized
2025-03-12 18:49:25,349 [INFO] RulesReader:64 - Compatibility file has been processed (301 Rules)
2025-03-12 18:49:25,371 [INFO] RulesReader:64 - Compatibility file has been processed (301 Rules)
2025-03-12 18:49:25,385 [INFO] CADModel:165 - CPN selected for project level
2025-03-12 18:49:25,385 [INFO] CADModel:114 - Register for checkConnection events
2025-03-12 18:49:25,385 [FATAL] Updater:351 - Updater called before beeing initialized
2025-03-12 18:49:25,386 [ERROR] CADModel:125 - Updater not yet initialized, retry later 
2025-03-12 18:49:25,586 [FATAL] Updater:351 - Updater called before beeing initialized
2025-03-12 18:49:25,589 [INFO] CADModel:165 - CPN selected for project level
2025-03-12 18:49:25,589 [INFO] CADModel:114 - Register for checkConnection events
2025-03-12 18:49:25,589 [FATAL] Updater:351 - Updater called before beeing initialized
2025-03-12 18:49:25,589 [ERROR] CADModel:125 - Updater not yet initialized, retry later 
2025-03-12 18:49:25,592 [FATAL] Updater:351 - Updater called before beeing initialized
2025-03-12 18:49:25,813 [FATAL] Updater:351 - Updater called before beeing initialized
2025-03-12 18:49:25,819 [INFO] DbMcusAds:53 - JSON generation date=Thu Mar 06 15:54:21 CET 2025 (1741272861825)
2025-03-12 18:49:25,819 [FATAL] Updater:351 - Updater called before beeing initialized
2025-03-12 18:49:25,878 [WARN] DetailPanel:346 - Failed to get advertising image, set to default
2025-03-12 18:49:26,220 [FATAL] Updater:351 - Updater called before beeing initialized
2025-03-12 18:49:26,222 [FATAL] Updater:351 - Updater called before beeing initialized
2025-03-12 18:49:26,222 [FATAL] Updater:351 - Updater called before beeing initialized
2025-03-12 18:49:26,222 [WARN] DetailPanel:346 - Failed to get advertising image, set to default
2025-03-12 18:49:26,224 [FATAL] Updater:351 - Updater called before beeing initialized
2025-03-12 18:49:26,303 [ERROR] Updater:1198 - MainUpdater not yet initialized. External WinMGr cannot be set.
2025-03-12 18:49:26,319 [INFO] Updater:1134 - Updater Version found : 6.14.0
2025-03-12 18:49:26,348 [INFO] ApplicationProperties:184 - Using Application install path: C:\ST\STM32CubeIDE_1.18.0\STM32CubeIDE\plugins\com.st.stm32cube.common.mx_6.14.0.202502271554
2025-03-12 18:49:27,204 [INFO] ThirdPartyUpdaterWithRetryManager:70 - Updater plugin not ready yet. [4/15]
2025-03-12 18:49:27,931 [ERROR] LogOutputStream:75 - [STDERR_REDIRECT] Mar 12, 2025 6:49:27 PM java.util.prefs.WindowsPreferences <init>
2025-03-12 18:49:27,934 [ERROR] LogOutputStream:75 - [STDERR_REDIRECT] WARNING: Could not open/create prefs root node Software\JavaSoft\Prefs at root 0xffffffff80000002. Windows RegCreateKeyEx(...) returned error code 5.
2025-03-12 18:49:27,934 [ERROR] LogOutputStream:75 - [STDERR_REDIRECT] 
2025-03-12 18:49:28,423 [INFO] MainUpdater:2872 - connection check result : 10
2025-03-12 18:49:28,425 [INFO] MainUpdater:289 - Updater Check For Update Now.
2025-03-12 18:49:28,425 [INFO] MicroXplorer:498 - Change Database Version : DB.6.0.140
2025-03-12 18:49:28,451 [INFO] McuFinderGlobals:63 - Set McuFinder mode to 2 (CubeIDE integrated)
2025-03-12 18:49:28,451 [INFO] UserAuth:171 - activating auth plugin
2025-03-12 18:49:28,456 [INFO] UserAuth:486 - Internet connection configuration mode: 1
2025-03-12 18:49:28,491 [INFO] JxBrowserEngine:152 - Initiate JxBrowser Engine with user profile folder
2025-03-12 18:49:28,731 [INFO] CheckServerUpdateThread:120 - End of CheckServer Thread
2025-03-12 18:49:30,427 [INFO] WebApp:169 - Instantiating new browser for Auth
2025-03-12 18:49:30,912 [WARN] PackLoader:240 - Cannot read IP mode file for STMicroelectronics.FP-SNS-MOTENVWB1.1.4.0
2025-03-12 18:49:30,977 [WARN] PackLoader:240 - Cannot read IP mode file for STMicroelectronics.FP-ATR-ASTRA1.2.0.2
2025-03-12 18:49:31,040 [WARN] PackLoader:240 - Cannot read IP mode file for STMicroelectronics.X-CUBE-SMBUS.2.1.0
2025-03-12 18:49:31,093 [WARN] PackLoader:240 - Cannot read IP mode file for STMicroelectronics.X-CUBE-WB05N.1.1.0
2025-03-12 18:49:31,240 [WARN] PackLoader:240 - Cannot read IP mode file for STMicroelectronics.X-CUBE-AZRTOS-F7.1.1.0
2025-03-12 18:49:31,296 [WARN] PackLoader:240 - Cannot read IP mode file for STMicroelectronics.FP-SNS-FLIGHT1.5.0.2
2025-03-12 18:49:31,383 [WARN] PackLoader:240 - Cannot read IP mode file for Infineon.AIROC-Wi-Fi-Bluetooth-STM32.1.7.0
2025-03-12 18:49:31,424 [WARN] PackLoader:240 - Cannot read IP mode file for STMicroelectronics.X-CUBE-DISPLAY.3.0.0
2025-03-12 18:49:31,464 [WARN] PackLoader:240 - Cannot read IP mode file for STMicroelectronics.X-CUBE-NFC10.1.0.0
2025-03-12 18:49:31,558 [WARN] PackLoader:240 - Cannot read IP mode file for STMicroelectronics.X-CUBE-BLEMGR.4.0.0
2025-03-12 18:49:31,645 [WARN] PackLoader:240 - Cannot read IP mode file for emotas.I-CUBE-CANOPEN.1.3.0
2025-03-12 18:49:31,727 [WARN] ConditionMgr:438 - getConditionDescription Invalid condition id : Cortex-A Device cause : null
2025-03-12 18:49:31,834 [WARN] ConditionMgr:1044 - genDependencies : Invalid condition id : Cortex-A Device cause : null
2025-03-12 18:49:31,835 [WARN] ConditionMgr:1044 - genDependencies : Invalid condition id : Cortex-A Device cause : null
2025-03-12 18:49:31,835 [WARN] ConditionMgr:1044 - genDependencies : Invalid condition id : Cortex-A Device cause : null
2025-03-12 18:49:31,874 [WARN] PackLoader:240 - Cannot read IP mode file for STMicroelectronics.X-CUBE-AI.10.0.0
2025-03-12 18:49:31,922 [WARN] PackLoader:240 - Cannot read IP mode file for STMicroelectronics.FP-SNS-SMARTAG2.1.2.0
2025-03-12 18:49:32,177 [WARN] PackLoader:240 - Cannot read IP mode file for STMicroelectronics.X-CUBE-MEMS1.11.1.0
2025-03-12 18:49:32,924 [INFO] LogOutputStream:77 - [STDOUT_REDIRECT] 1 : Invalid condition id : UX_CORESTACK_Condition cause : null
2025-03-12 18:49:32,926 [INFO] LogOutputStream:77 - [STDOUT_REDIRECT] 1 : Invalid condition id : UX_CORESTACK_Condition cause : null
2025-03-12 18:49:32,929 [INFO] LogOutputStream:77 - [STDOUT_REDIRECT] 1 : Invalid condition id : UX_CORESTACK_Condition cause : null
2025-03-12 18:49:32,935 [INFO] LogOutputStream:77 - [STDOUT_REDIRECT] 1 : Invalid condition id : UX_CORESTACK_Condition cause : null
2025-03-12 18:49:32,939 [INFO] LogOutputStream:77 - [STDOUT_REDIRECT] 1 : Invalid condition id : UX_CORESTACK_Condition cause : null
2025-03-12 18:49:32,949 [WARN] PackLoader:240 - Cannot read IP mode file for STMicroelectronics.X-CUBE-AZRTOS-WL.2.0.0
2025-03-12 18:49:33,080 [WARN] PackLoader:240 - Cannot read IP mode file for STMicroelectronics.FP-SNS-MOTENV1.5.0.0
2025-03-12 18:49:33,141 [WARN] PackLoader:240 - Cannot read IP mode file for WES.I-CUBE-Cesium.1.3.0
2025-03-12 18:49:33,186 [WARN] PackLoader:240 - Cannot read IP mode file for STMicroelectronics.X-CUBE-BLE2.3.3.0
2025-03-12 18:49:33,238 [INFO] WebApp:463 - Apply proxy settings
2025-03-12 18:49:33,238 [WARN] PackLoader:240 - Cannot read IP mode file for STMicroelectronics.X-CUBE-NFC9.1.0.0
2025-03-12 18:49:33,239 [INFO] WebApp:548 - Chromium requires no authentication
2025-03-12 18:49:33,266 [INFO] WebApp:491 - Direct internet connection detected
2025-03-12 18:49:33,294 [WARN] PackLoader:240 - Cannot read IP mode file for STMicroelectronics.X-CUBE-BLE1.7.1.0
2025-03-12 18:49:33,339 [WARN] PackLoader:240 - Cannot read IP mode file for wolfSSL.I-CUBE-wolfMQTT.1.19.2
2025-03-12 18:49:33,352 [INFO] WebApp:894 - Register for checkConnection events
2025-03-12 18:49:33,353 [INFO] WebApp:463 - Apply proxy settings
2025-03-12 18:49:33,353 [INFO] WebApp:548 - Chromium requires no authentication
2025-03-12 18:49:33,355 [INFO] WebApp:491 - Direct internet connection detected
2025-03-12 18:49:33,421 [WARN] PackLoader:240 - Cannot read IP mode file for STMicroelectronics.X-CUBE-AZRTOS-G0.1.1.0
2025-03-12 18:49:33,469 [WARN] PackLoader:240 - Cannot read IP mode file for STMicroelectronics.X-CUBE-SAFEA1.1.2.2
2025-03-12 18:49:33,513 [WARN] PackLoader:240 - Cannot read IP mode file for STMicroelectronics.X-CUBE-NFC4.3.0.0
2025-03-12 18:49:33,559 [WARN] PackLoader:240 - Cannot read IP mode file for EmbeddedOffice.I-CUBE-FS-RTOS.1.0.1
2025-03-12 18:49:33,586 [WARN] PackLoader:240 - Cannot read IP mode file for wolfSSL.I-CUBE-wolfTPM.3.8.0
2025-03-12 18:49:33,629 [WARN] PackLoader:240 - Cannot read IP mode file for STMicroelectronics.X-CUBE-TCPP.4.2.0
2025-03-12 18:49:33,679 [WARN] PackLoader:240 - Cannot read IP mode file for RealThread.X-CUBE-RT-Thread_Nano.4.1.1
2025-03-12 18:49:33,701 [INFO] WebApp:191 - Connection restablished
2025-03-12 18:49:33,737 [WARN] PackLoader:240 - Cannot read IP mode file for STMicroelectronics.FP-ATR-SIGFOX1.3.2.0
2025-03-12 18:49:33,805 [WARN] PackLoader:240 - Cannot read IP mode file for STMicroelectronics.X-CUBE-EEPRMA1.5.1.0
2025-03-12 18:49:33,862 [WARN] PackLoader:240 - Cannot read IP mode file for wolfSSL.I-CUBE-wolfSSL.5.7.6
2025-03-12 18:49:33,918 [WARN] PackLoader:240 - Cannot read IP mode file for ITTIA_DB.I-CUBE-ITTIADB.8.9.0
2025-03-12 18:49:34,100 [WARN] PackLoader:240 - Cannot read IP mode file for SEGGER.I-CUBE-embOS.1.3.1
2025-03-12 18:49:34,387 [WARN] PackLoader:240 - Cannot read IP mode file for STMicroelectronics.X-CUBE-ALGOBUILD.1.4.0
2025-03-12 18:49:34,458 [INFO] WebApp:225 - Starting web application
2025-03-12 18:49:34,459 [INFO] WebApp:593 - Web application path used C:\ST\STM32CubeIDE_1.18.0\STM32CubeIDE\plugins\com.st.stm32cube.common.mx_6.14.0.202502271554\db\plugins\mcufinder\reactClient1\index.html
2025-03-12 18:49:34,475 [WARN] PackLoader:240 - Cannot read IP mode file for STMicroelectronics.X-CUBE-AZRTOS-F4.1.1.0
2025-03-12 18:49:34,530 [WARN] PackLoader:240 - Cannot read IP mode file for STMicroelectronics.X-CUBE-ISPU.2.1.0
2025-03-12 18:49:34,626 [WARN] PackLoader:240 - Cannot read IP mode file for STMicroelectronics.X-CUBE-AZRTOS-L5.2.0.0
2025-03-12 18:49:34,685 [WARN] PackLoader:240 - Cannot read IP mode file for STMicroelectronics.X-CUBE-NFC6.3.1.0
2025-03-12 18:49:34,766 [WARN] PackLoader:240 - Cannot read IP mode file for STMicroelectronics.X-CUBE-DPower.1.2.0
2025-03-12 18:49:34,836 [WARN] PackLoader:240 - Cannot read IP mode file for STMicroelectronics.X-CUBE-FREERTOS.1.3.0
2025-03-12 18:49:34,901 [WARN] PackLoader:240 - Cannot read IP mode file for STMicroelectronics.X-CUBE-NFC7.1.0.1
2025-03-12 18:49:35,021 [WARN] ConditionMgr:438 - getConditionDescription Invalid condition id : LAN8742 Phy interface Condition cause : null
2025-03-12 18:49:35,023 [WARN] PackLoader:240 - Cannot read IP mode file for STMicroelectronics.X-CUBE-AZRTOS-L4.2.0.0
2025-03-12 18:49:35,025 [WARN] ConditionMgr:1044 - genDependencies : Invalid condition id : LAN8742 Phy interface Condition cause : null
2025-03-12 18:49:35,025 [WARN] ConditionMgr:1044 - genDependencies : Invalid condition id : LAN8742 Phy interface Condition cause : null
2025-03-12 18:49:35,027 [WARN] ConditionMgr:1044 - genDependencies : Invalid condition id : LAN8742 Phy interface Condition cause : null
2025-03-12 18:49:35,096 [WARN] PackLoader:240 - Cannot read IP mode file for STMicroelectronics.X-CUBE-SFXS2LP1.4.0.0
2025-03-12 18:49:35,207 [WARN] PackLoader:240 - Cannot read IP mode file for STMicroelectronics.X-CUBE-AZRTOS-H7.3.3.0
2025-03-12 18:49:35,316 [WARN] ConditionMgr:438 - getConditionDescription Invalid condition id : UX DEVICE CLASS RTOS Condition cause : null
2025-03-12 18:49:35,317 [WARN] ConditionMgr:438 - getConditionDescription Invalid condition id : UX DEVICE CLASS RTOS Condition cause : null
2025-03-12 18:49:35,342 [WARN] PackLoader:240 - Cannot read IP mode file for STMicroelectronics.X-CUBE-AZRTOS-WB.2.0.0
2025-03-12 18:49:35,343 [WARN] ConditionMgr:1044 - genDependencies : Invalid condition id : UX DEVICE CLASS RTOS Condition cause : null
2025-03-12 18:49:35,344 [WARN] ConditionMgr:1044 - genDependencies : Invalid condition id : UX DEVICE CLASS RTOS Condition cause : null
2025-03-12 18:49:35,345 [WARN] ConditionMgr:1044 - genDependencies : Invalid condition id : UX DEVICE CLASS RTOS Condition cause : null
2025-03-12 18:49:35,346 [WARN] ConditionMgr:1044 - genDependencies : Invalid condition id : UX DEVICE CLASS RTOS Condition cause : null
2025-03-12 18:49:35,346 [WARN] ConditionMgr:1044 - genDependencies : Invalid condition id : UX DEVICE CLASS RTOS Condition cause : null
2025-03-12 18:49:35,401 [WARN] PackLoader:240 - Cannot read IP mode file for STMicroelectronics.X-CUBE-GNSS1.7.0.1
2025-03-12 18:49:35,462 [WARN] PackLoader:240 - Cannot read IP mode file for STMicroelectronics.X-CUBE-TOUCHGFX.4.25.0
2025-03-12 18:49:35,524 [WARN] PackLoader:240 - Cannot read IP mode file for STMicroelectronics.FP-SNS-STBOX1.2.0.0
2025-03-12 18:49:35,602 [WARN] PackLoader:240 - Cannot read IP mode file for STMicroelectronics.X-CUBE-SUBG2.5.0.0
2025-03-12 18:49:35,665 [WARN] PackLoader:240 - Cannot read IP mode file for Cesanta.I-CUBE-Mongoose.7.13.0
2025-03-12 18:49:35,744 [WARN] PackLoader:240 - Cannot read IP mode file for STMicroelectronics.X-CUBE-AZRTOS-G4.2.0.0
2025-03-12 18:49:35,822 [WARN] PackLoader:240 - Cannot read IP mode file for wolfSSL.I-CUBE-wolfSSH.1.4.20
2025-03-12 18:49:35,997 [WARN] PackLoader:240 - Cannot read IP mode file for STMicroelectronics.X-CUBE-IPS.3.1.0
2025-03-12 18:49:36,069 [WARN] PackLoader:240 - Cannot read IP mode file for STMicroelectronics.X-CUBE-ALS.1.0.2
2025-03-12 18:49:36,124 [WARN] PackLoader:240 - Cannot read IP mode file for portGmbH.I-Cube-SoM-uGOAL.1.1.0
2025-03-12 18:49:36,222 [WARN] PackLoader:240 - Cannot read IP mode file for STMicroelectronics.X-CUBE-AZRTOS-H7RS.1.0.0
2025-03-12 18:49:36,312 [WARN] PackLoader:240 - Cannot read IP mode file for STMicroelectronics.X-CUBE-TOF1.3.4.2
2025-03-12 18:49:36,334 [INFO] ThirdParty:978 - Integrity check success = true
2025-03-12 18:49:36,335 [INFO] IntegrityCheckThread:100 - exiting critical section [integrity check]
2025-03-12 18:49:36,335 [INFO] IntegrityCheckThread:103 - End integrity checks thread
2025-03-12 18:49:52,244 [ERROR] LogOutputStream:75 - [STDERR_REDIRECT] 
2025-03-12 18:49:52,246 [ERROR] LogOutputStream:75 - [STDERR_REDIRECT] 
